<?xml version="1.0" encoding="UTF-8"?>
<!-- Generated by org.testng.reporters.JUnitReportReporter -->
<testsuite hostname="LIN41005711" failures="0" tests="2" name="testrunner.landingPageExcel_testrunner" time="89.709" errors="0" timestamp="2023-06-08T17:08:01 IST" skipped="0">
  <testcase classname="testrunner.landingPageExcel_testrunner" name="runScenario" time="47.209"/>
  <system-out/>
  <testcase classname="testrunner.landingPageExcel_testrunner" name="runScenario" time="42.500"/>
  <system-out/>
</testsuite> <!-- testrunner.landingPageExcel_testrunner -->
