<?xml version="1.0" encoding="UTF-8"?>
<!-- Generated by org.testng.reporters.JUnitReportReporter -->
<testsuite hostname="LIN41005711" failures="0" tests="3" name="testrunner.landingPage_testrunner" time="67.594" errors="0" timestamp="2023-06-08T17:08:01 IST" skipped="0">
  <testcase classname="testrunner.landingPage_testrunner" name="runScenario" time="19.621"/>
  <system-out/>
  <testcase classname="testrunner.landingPage_testrunner" name="runScenario" time="21.882"/>
  <system-out/>
  <testcase classname="testrunner.landingPage_testrunner" name="runScenario" time="26.091"/>
  <system-out/>
</testsuite> <!-- testrunner.landingPage_testrunner -->
