<?xml version="1.0" encoding="UTF-8"?>
<!-- Generated by org.testng.reporters.JUnitReportReporter -->
<testsuite hostname="LIN41005711" failures="0" tests="3" name="testrunner.landingPage_testrunner" time="60.467" errors="0" timestamp="2023-06-08T12:00:38 IST" skipped="0">
  <testcase classname="testrunner.landingPage_testrunner" name="runScenario" time="21.055"/>
  <system-out/>
  <testcase classname="testrunner.landingPage_testrunner" name="runScenario" time="18.750"/>
  <system-out/>
  <testcase classname="testrunner.landingPage_testrunner" name="runScenario" time="20.662"/>
  <system-out/>
</testsuite> <!-- testrunner.landingPage_testrunner -->
